[日期:2019-3-17 00:44:44][用户IP:::1][请求方式：GET-/]
[日期:2019-3-17 00:44:44][用户IP:::1][请求方式：GET-/css/main.css]
[日期:2019-3-17 00:44:44][用户IP:::1][请求方式：GET-/js/jquery.min.js]
[日期:2019-3-17 00:44:44][用户IP:::1][请求方式：GET-/img/v_s.jpg]
[日期:2019-3-17 00:44:44][用户IP:::1][请求方式：GET-/css/main.app.8805f88891008fe3153a.css.map]
[日期:2019-3-17 00:44:47][用户IP:::1][请求方式：GET-/]
[日期:2019-3-17 00:44:47][用户IP:::1][请求方式：GET-/css/main.css]
[日期:2019-3-17 00:44:47][用户IP:::1][请求方式：GET-/js/jquery.min.js]
[日期:2019-3-17 00:44:47][用户IP:::1][请求方式：GET-/img/v_s.jpg]
[日期:2019-3-17 00:44:47][用户IP:::1][请求方式：GET-/css/main.app.8805f88891008fe3153a.css.map]
[日期:2019-3-17 00:44:48][用户IP:::1][请求方式：GET-/]
[日期:2019-3-17 00:44:48][用户IP:::1][请求方式：GET-/css/main.css]
[日期:2019-3-17 00:44:48][用户IP:::1][请求方式：GET-/js/jquery.min.js]
[日期:2019-3-17 00:44:48][用户IP:::1][请求方式：GET-/img/v_s.jpg]
[日期:2019-3-17 00:44:48][用户IP:::1][请求方式：GET-/css/main.app.8805f88891008fe3153a.css.map]
[日期:2019-3-17 00:44:48][用户IP:::1][请求方式：GET-/]
[日期:2019-3-17 00:44:48][用户IP:::1][请求方式：GET-/css/main.css]
[日期:2019-3-17 00:44:48][用户IP:::1][请求方式：GET-/js/jquery.min.js]
[日期:2019-3-17 00:44:48][用户IP:::1][请求方式：GET-/img/v_s.jpg]
[日期:2019-3-17 00:44:49][用户IP:::1][请求方式：GET-/css/main.app.8805f88891008fe3153a.css.map]
[日期:2019-3-17 00:46:31][用户IP:::1][请求方式：GET-/]
[日期:2019-3-17 00:46:31][用户IP:::1][请求方式：GET-/css/main.css]
[日期:2019-3-17 00:46:31][用户IP:::1][请求方式：GET-/js/jquery.min.js]
[日期:2019-3-17 00:46:31][用户IP:::1][请求方式：GET-/img/v_s.jpg]
[日期:2019-3-17 00:46:31][用户IP:::1][请求方式：GET-/css/main.app.8805f88891008fe3153a.css.map]
[日期:2019-3-17 01:12:36][用户IP:::1][请求方式：GET-/]
[日期:2019-3-17 01:12:36][用户IP:::1][请求方式：GET-/css/main.css]
[日期:2019-3-17 01:12:36][用户IP:::1][请求方式：GET-/js/jquery.min.js]
[日期:2019-3-17 01:12:36][用户IP:::1][请求方式：GET-/img/v_s.jpg]
[日期:2019-3-17 01:12:36][用户IP:::1][请求方式：GET-/css/main.app.8805f88891008fe3153a.css.map]
[日期:2019-3-17 01:12:38][用户IP:::1][请求方式：GET-/]
[日期:2019-3-17 01:12:38][用户IP:::1][请求方式：GET-/css/main.css]
[日期:2019-3-17 01:12:38][用户IP:::1][请求方式：GET-/js/jquery.min.js]
[日期:2019-3-17 01:12:38][用户IP:::1][请求方式：GET-/img/v_s.jpg]
[日期:2019-3-17 01:12:38][用户IP:::1][请求方式：GET-/css/main.app.8805f88891008fe3153a.css.map]
[日期:2019-3-17 01:12:39][用户IP:::1][请求方式：GET-/]
[日期:2019-3-17 01:12:39][用户IP:::1][请求方式：GET-/css/main.css]
[日期:2019-3-17 01:12:39][用户IP:::1][请求方式：GET-/img/v_s.jpg]
[日期:2019-3-17 01:12:39][用户IP:::1][请求方式：GET-/js/jquery.min.js]
[日期:2019-3-17 01:12:39][用户IP:::1][请求方式：GET-/css/main.app.8805f88891008fe3153a.css.map]
[日期:2019-3-17 01:12:48][用户IP:::1][请求方式：GET-/]
[日期:2019-3-17 01:12:48][用户IP:::1][请求方式：GET-/css/main.css]
[日期:2019-3-17 01:12:48][用户IP:::1][请求方式：GET-/js/jquery.min.js]
[日期:2019-3-17 01:12:48][用户IP:::1][请求方式：GET-/img/v_s.jpg]
[日期:2019-3-17 01:12:48][用户IP:::1][请求方式：GET-/css/main.app.8805f88891008fe3153a.css.map]
[日期:2019-3-17 13:38:38][用户IP:::1][请求方式：GET-/]
[日期:2019-3-17 14:00:04][用户IP:::1][请求方式：GET-/]
[日期:2019-3-17 14:01:02][用户IP:::1][请求方式：GET-/]
[日期:2019-3-17 14:01:29][用户IP:::1][请求方式：GET-/]
[日期:2019-3-17 14:01:29][用户IP:::1][请求方式：GET-/css/main.css]
[日期:2019-3-17 14:01:29][用户IP:::1][请求方式：GET-/js/jquery.min.js]
[日期:2019-3-17 14:01:29][用户IP:::1][请求方式：GET-/img/v_s.jpg]
[日期:2019-3-17 14:01:30][用户IP:::1][请求方式：GET-/css/main.app.8805f88891008fe3153a.css.map]
[日期:2019-3-17 14:11:13][用户IP:::1][请求方式：GET-/detail/2]
[日期:2019-3-17 14:12:17][用户IP:::1][请求方式：GET-/detail/2]
[日期:2019-3-17 14:13:32][用户IP:::1][请求方式：GET-/detail/2]
[日期:2019-3-17 15:16:22][用户IP:::1][请求方式：GET-/detail/2]
[日期:2019-3-17 15:17:02][用户IP:::1][请求方式：GET-/]
[日期:2019-3-17 15:19:01][用户IP:::1][请求方式：GET-/]
[日期:2019-3-17 15:23:38][用户IP:::1][请求方式：GET-/]
[日期:2019-3-17 15:25:12][用户IP:::1][请求方式：GET-/]
[日期:2019-3-17 15:27:53][用户IP:::1][请求方式：GET-/]
[日期:2019-3-17 15:34:23][用户IP:::1][请求方式：GET-/]
[日期:2019-3-17 16:06:34][用户IP:::1][请求方式：GET-/]
[日期:2019-3-17 16:06:34][用户IP:::1][请求方式：GET-/css/main.css]
[日期:2019-3-17 16:06:34][用户IP:::1][请求方式：GET-/js/jquery.min.js]
[日期:2019-3-17 16:06:34][用户IP:::1][请求方式：GET-/css/main.app.8805f88891008fe3153a.css.map]
[日期:2019-3-17 16:08:31][用户IP:::1][请求方式：GET-/]
[日期:2019-3-17 16:08:31][用户IP:::1][请求方式：GET-/css/main.css]
[日期:2019-3-17 16:08:31][用户IP:::1][请求方式：GET-/js/jquery.min.js]
[日期:2019-3-17 16:08:31][用户IP:::1][请求方式：GET-/css/main.app.8805f88891008fe3153a.css.map]
